2024.06.23 21:13:51 INFO  Started: Metals version 1.3.2 in folders 'E:\2nd Year\Semester 1\FC\practicals\Lab 2\scala-Lab-session-2' for client Visual Studio Code 1.90.2.
SLF4J(W): Class path contains multiple SLF4J providers.
SLF4J(W): Found provider [scribe.slf4j.ScribeServiceProvider@512aa60c]
SLF4J(W): Found provider [ch.qos.logback.classic.spi.LogbackServiceProvider@bc77e48]
SLF4J(W): See https://www.slf4j.org/codes.html#multiple_bindings for an explanation.
SLF4J(I): Actual provider is of type [scribe.slf4j.ScribeServiceProvider@512aa60c]
2024.06.23 21:13:51 WARN  Flyway upgrade recommended: H2 2.2.224 is newer than this version of Flyway and support has not been tested. The latest supported version of H2 is 2.2.220.
2024.06.23 21:13:52 INFO  no build target found for E:\2nd Year\Semester 1\FC\practicals\Lab 2\scala-Lab-session-2\lab2.scala. Using presentation compiler with project's scala-library version: 3.3.3
2024.06.23 21:14:00 INFO  Running List(C:\Users\User\AppData\Local\Coursier\data\bin\scala-cli.BAT, setup-ide, E:\2nd Year\Semester 1\FC\practicals\Lab 2\scala-Lab-session-2)
2024.06.23 21:14:00 INFO  Attempting to connect to the build server...
2024.06.23 21:14:00 INFO  Running BSP server List(C:\Users\User\AppData\Local\Coursier\data\bin\.scala-cli.aux.exe, bsp, --json-options, E:\2nd Year\Semester 1\FC\practicals\Lab 2\scala-Lab-session-2\.scala-build\ide-options-v2.json, --json-launcher-options, E:\2nd Year\Semester 1\FC\practicals\Lab 2\scala-Lab-session-2\.scala-build\ide-launcher-options.json, --envs-file, E:\2nd Year\Semester 1\FC\practicals\Lab 2\scala-Lab-session-2\.scala-build\ide-envs.json, E:\2nd Year\Semester 1\FC\practicals\Lab 2\scala-Lab-session-2)
2024.06.23 21:14:00 INFO  tracing is disabled for protocol BSP, to enable tracing of incoming and outgoing JSON messages create an empty file at E:\2nd Year\Semester 1\FC\practicals\Lab 2\scala-Lab-session-2\.metals\bsp.trace.json or C:\Users\User\AppData\Local\scalameta\metals\cache\bsp.trace.json
2024.06.23 21:14:01 INFO  BSP server: Starting compilation server
2024.06.23 21:14:07 WARN  Could not find semantic tokens for: file:///E:/2nd%20Year/Semester%201/FC/practicals/Lab%202/scala-Lab-session-2/lab2.scala
2024.06.23 21:14:07 INFO  time: Connected to build server in 7.42s
2024.06.23 21:14:07 INFO  Connected to Build server: scala-cli v1.3.2
2024.06.23 21:14:07 INFO  time: Imported build in 0.14s
2024.06.23 21:14:08 INFO  compiling scala-lab-session-2_f4dd477a3a (1 scala source)
2024.06.23 21:14:09 INFO  time: compiled scala-Lab-session-2_f4dd477a3a in 1.18s
2024.06.23 21:14:12 INFO  time: indexed workspace in 4.03s
2024.06.23 21:15:22 WARN  Could not find semantic tokens for: file:///E:/2nd%20Year/Semester%201/FC/practicals/Lab%202/scala-Lab-session-2/lab2.scala
2024.06.23 21:15:23 WARN  Could not find semantic tokens for: file:///E:/2nd%20Year/Semester%201/FC/practicals/Lab%202/scala-Lab-session-2/lab2.scala
Jun 23, 2024 9:15:29 PM org.eclipse.lsp4j.jsonrpc.RemoteEndpoint handleCancellation
WARNING: Unmatched cancel notification for request id 21
2024.06.23 21:15:33 INFO  compiling scala-lab-session-2_f4dd477a3a (1 scala source)
2024.06.23 21:15:33 INFO  time: compiled scala-Lab-session-2_f4dd477a3a in 0.8s
2024.06.23 21:15:43 WARN  Could not find semantic tokens for: file:///E:/2nd%20Year/Semester%201/FC/practicals/Lab%202/scala-Lab-session-2/lab2.scala
2024.06.23 21:15:44 INFO  compiling scala-lab-session-2_f4dd477a3a (1 scala source)
2024.06.23 21:15:44 INFO  time: compiled scala-Lab-session-2_f4dd477a3a in 50ms
2024.06.23 21:15:44 WARN  Could not find semantic tokens for: file:///E:/2nd%20Year/Semester%201/FC/practicals/Lab%202/scala-Lab-session-2/lab2.scala
Jun 23, 2024 9:15:49 PM org.eclipse.lsp4j.jsonrpc.services.GenericEndpoint notify
INFO: Unsupported notification method: $/setTrace
